<?xml version="1.0" encoding="UTF-8"?>
<testsuite xmlns:xsi="http://www.w3.org/2001/XMLSchema-instance" xsi:noNamespaceSchemaLocation="https://maven.apache.org/surefire/maven-surefire-plugin/xsd/surefire-test-report.xsd" name="koszyk.KoszykTest" time="0.105" tests="9" errors="0" skipped="0" failures="0">
  <properties>
[...]
</properties>
  <testcase name="FindMostExpensiveProduct" classname="koszyk.KoszykTest" time="0.013"/>
  <testcase name="ApplyValueBasedDiscount" classname="koszyk.KoszykTest" time="0.005"/>
  <testcase name="CalculateTotalValue" classname="koszyk.KoszykTest" time="0"/>
  <testcase name="ReturnZeroTotalValueForEmptyCart" classname="koszyk.KoszykTest" time="0"/>
  <testcase name="ApplyBuyTwoGetThirdFreePromotion" classname="koszyk.KoszykTest" time="0.002"/>
  <testcase name="AddProductToCart" classname="koszyk.KoszykTest" time="0"/>
  <testcase name="SortProductsByPriceDescending" classname="koszyk.KoszykTest" time="0.001"/>
  <testcase name="ReturnNullForEmptyCartCheapestProduct" classname="koszyk.KoszykTest" time="0"/>
  <testcase name="FindCheapestProduct" classname="koszyk.KoszykTest" time="0"/>
</testsuite>